#
# A fatal error has been detected by the Java Runtime Environment:
#
#  Internal Error (javaClasses.cpp:129), pid=5832, tid=4972
#  fatal error: Invalid layout of preloaded class
#
# JRE version: 7.0_25-b17
# Java VM: Java HotSpot(TM) 64-Bit Server VM (23.25-b01 mixed mode windows-amd64 compressed oops)
# Failed to write core dump. Minidumps are not enabled by default on client versions of Windows
#
# If you would like to submit a bug report, please visit:
#   http://bugreport.sun.com/bugreport/crash.jsp
#

---------------  T H R E A D  ---------------

Current thread (0x0000000001d8c800):  JavaThread "Unknown thread" [_thread_in_vm, id=4972, stack(0x00000000020d0000,0x00000000021d0000)]

Stack: [0x00000000020d0000,0x00000000021d0000]

---------------  P R O C E S S  ---------------

Java Threads: ( => current thread )

Other Threads:

=>0x0000000001d8c800 (exited) JavaThread "Unknown thread" [_thread_in_vm, id=4972, stack(0x00000000020d0000,0x00000000021d0000)]

VM state:not at safepoint (not fully initialized)

VM Mutex/Monitor currently owned by a thread: None

GC Heap History (0 events):
No events

Deoptimization events (0 events):
No events

Internal exceptions (0 events):
No events

Events (10 events):
Event: 0.008 loading class 0x0000000001cff9e0 done
Event: 0.008 loading class 0x0000000001cc2050 done
Event: 0.008 loading class 0x0000000001cc2020
Event: 0.008 loading class 0x0000000001d50430
Event: 0.008 loading class 0x0000000001d50430 done
Event: 0.008 loading class 0x0000000001d50470
Event: 0.008 loading class 0x0000000001d50470 done
Event: 0.008 loading class 0x000000000835f150
Event: 0.008 loading class 0x000000000835f150 done
Event: 0.009 loading class 0x0000000001cc2020 done


Dynamic libraries:
0x000000013fe20000 - 0x000000013fe53000 	C:\Program Files\Java\jre7\bin\javaw.exe
0x00000000776c0000 - 0x0000000077869000 	C:\Windows\SYSTEM32\ntdll.dll
0x00000000774a0000 - 0x00000000775bf000 	C:\Windows\system32\kernel32.dll
0x000007fefd6e0000 - 0x000007fefd74b000 	C:\Windows\system32\KERNELBASE.dll
0x000007fefd8d0000 - 0x000007fefd9ab000 	C:\Windows\system32\ADVAPI32.dll
0x000007feff630000 - 0x000007feff6cf000 	C:\Windows\system32\msvcrt.dll
0x000007fefedc0000 - 0x000007fefeddf000 	C:\Windows\SYSTEM32\sechost.dll
0x000007fefd9b0000 - 0x000007fefdadd000 	C:\Windows\system32\RPCRT4.dll
0x00000000775c0000 - 0x00000000776ba000 	C:\Windows\system32\USER32.dll
0x000007fefef90000 - 0x000007fefeff7000 	C:\Windows\system32\GDI32.dll
0x000007fefe870000 - 0x000007fefe87e000 	C:\Windows\system32\LPK.dll
0x000007fefecf0000 - 0x000007fefedb9000 	C:\Windows\system32\USP10.dll
0x000007fefc110000 - 0x000007fefc304000 	C:\Windows\WinSxS\amd64_microsoft.windows.common-controls_6595b64144ccf1df_6.0.7601.17514_none_fa396087175ac9ac\COMCTL32.dll
0x000007feff6d0000 - 0x000007feff741000 	C:\Windows\system32\SHLWAPI.dll
0x000007fefecc0000 - 0x000007fefecee000 	C:\Windows\system32\IMM32.DLL
0x000007feff290000 - 0x000007feff399000 	C:\Windows\system32\MSCTF.dll
0x00000000724d0000 - 0x00000000725a1000 	C:\Program Files\Java\jre7\bin\msvcr100.dll
0x000000005cac0000 - 0x000000005d1cf000 	C:\Program Files\Java\jre7\bin\server\jvm.dll
0x000007fef8dd0000 - 0x000007fef8dd9000 	C:\Windows\system32\WSOCK32.dll
0x000007fefeb10000 - 0x000007fefeb5d000 	C:\Windows\system32\WS2_32.dll
0x000007fefee00000 - 0x000007fefee08000 	C:\Windows\system32\NSI.dll
0x000007fefa170000 - 0x000007fefa1ab000 	C:\Windows\system32\WINMM.dll
0x0000000077890000 - 0x0000000077897000 	C:\Windows\system32\PSAPI.DLL
0x0000000074850000 - 0x000000007485f000 	C:\Program Files\Java\jre7\bin\verify.dll
0x00000000747d0000 - 0x00000000747f8000 	C:\Program Files\Java\jre7\bin\java.dll
0x00000000740f0000 - 0x0000000074105000 	C:\Program Files\Java\jre7\bin\zip.dll

VM Arguments:
jvm_args: -Dfile.encoding=Cp1252 -Xbootclasspath:C:\Users\Amruth\Desktop\adt-bundle-windows-x86_64-20130729\sdk\platforms\android-18\android.jar 
java_command: com.example.blast2.BlastParser
Launcher Type: SUN_STANDARD

Environment Variables:
PATH=C:\Python26;C:\MinGW\bin;C:\Windows\system32;C:\Windows;C:\Windows\System32\Wbem;C:\Windows\System32\WindowsPowerShell\v1.0\;C:\Program Files\MATLAB\R2013a\runtime\win64;C:\Program Files\MATLAB\R2013a\bin;C:\Program Files (x86)\MiKTeX 2.9\miktex\bin\;C:\Program Files (x86)\PharosSystems\Core
USERNAME=Amruth
OS=Windows_NT
PROCESSOR_IDENTIFIER=Intel64 Family 6 Model 42 Stepping 7, GenuineIntel



---------------  S Y S T E M  ---------------

OS: Windows 7 , 64 bit Build 7601 Service Pack 1

CPU:total 4 (2 cores per cpu, 2 threads per core) family 6 model 42 stepping 7, cmov, cx8, fxsr, mmx, sse, sse2, sse3, ssse3, sse4.1, sse4.2, popcnt, avx, ht, tsc, tscinvbit

Memory: 4k page, physical 4095412k(1064060k free), swap 8188964k(4105268k free)

vm_info: Java HotSpot(TM) 64-Bit Server VM (23.25-b01) for windows-amd64 JRE (1.7.0_25-b17), built on Jun 21 2013 12:58:32 by "java_re" with unknown MS VC++:1600

time: Sat Sep 07 16:37:13 2013
elapsed time: 0 seconds

